<?xml version="1.0" encoding="UTF-8"?>
<graphml xmlns="http://graphml.graphdrawing.org/xmlns"
         xmlns:xsi="http://www.w3.org/2001/XMLSchema-instance"
         xsi:schemaLocation="http://graphml.graphdrawing.org/xmlns
         http://graphml.graphdrawing.org/xmlns/1.0/graphml.xsd">
<!-- Created by igraph -->
  <key id="e_weight" for="edge" attr.name="weight" attr.type="double"/>
  <graph id="G" edgedefault="directed">
    <node id="n0">
    </node>
    <node id="n1">
    </node>
    <node id="n2">
    </node>
    <node id="n3">
    </node>
    <edge source="n0" target="n1">
      <data key="e_weight">6</data>
    </edge>
    <edge source="n1" target="n2">
      <data key="e_weight">4</data>
    </edge>
    <edge source="n2" target="n3">
      <data key="e_weight">5</data>
    </edge>
  </graph>
</graphml>
<?xml version="1.0" encoding="UTF-8"?>
<graphml xmlns="http://graphml.graphdrawing.org/xmlns"
         xmlns:xsi="http://www.w3.org/2001/XMLSchema-instance"
         xsi:schemaLocation="http://graphml.graphdrawing.org/xmlns
         http://graphml.graphdrawing.org/xmlns/1.0/graphml.xsd">
<!-- Created by igraph -->
  <key id="e_weight" for="edge" attr.name="weight" attr.type="double"/>
  <graph id="G" edgedefault="directed">
    <node id="n0">
    </node>
    <node id="n1">
    </node>
    <node id="n2">
    </node>
    <node id="n3">
    </node>
    <edge source="n0" target="n1">
      <data key="e_weight">6</data>
    </edge>
    <edge source="n1" target="n2">
      <data key="e_weight">4</data>
    </edge>
    <edge source="n2" target="n3">
      <data key="e_weight">5</data>
    </edge>
  </graph>
</graphml>
<?xml version="1.0" encoding="UTF-8"?>
<graphml xmlns="http://graphml.graphdrawing.org/xmlns"
         xmlns:xsi="http://www.w3.org/2001/XMLSchema-instance"
         xsi:schemaLocation="http://graphml.graphdrawing.org/xmlns
         http://graphml.graphdrawing.org/xmlns/1.0/graphml.xsd">
<!-- Created by igraph -->
  <key id="e_weight" for="edge" attr.name="weight" attr.type="double"/>
  <graph id="G" edgedefault="directed">
    <node id="n0">
    </node>
    <node id="n1">
    </node>
    <node id="n2">
    </node>
    <node id="n3">
    </node>
    <edge source="n0" target="n1">
      <data key="e_weight">1</data>
    </edge>
    <edge source="n1" target="n2">
      <data key="e_weight">4</data>
    </edge>
    <edge source="n2" target="n3">
      <data key="e_weight">5</data>
    </edge>
  </graph>
</graphml>
<?xml version="1.0" encoding="UTF-8"?>
<graphml xmlns="http://graphml.graphdrawing.org/xmlns"
         xmlns:xsi="http://www.w3.org/2001/XMLSchema-instance"
         xsi:schemaLocation="http://graphml.graphdrawing.org/xmlns
         http://graphml.graphdrawing.org/xmlns/1.0/graphml.xsd">
<!-- Created by igraph -->
  <key id="e_weight" for="edge" attr.name="weight" attr.type="double"/>
  <graph id="G" edgedefault="directed">
    <node id="n0">
    </node>
    <node id="n1">
    </node>
    <node id="n2">
    </node>
    <node id="n3">
    </node>
    <edge source="n0" target="n1">
      <data key="e_weight">3</data>
    </edge>
    <edge source="n1" target="n2">
      <data key="e_weight">4</data>
    </edge>
    <edge source="n2" target="n3">
      <data key="e_weight">5</data>
    </edge>
  </graph>
</graphml>
<?xml version="1.0" encoding="UTF-8"?>
<graphml xmlns="http://graphml.graphdrawing.org/xmlns"
         xmlns:xsi="http://www.w3.org/2001/XMLSchema-instance"
         xsi:schemaLocation="http://graphml.graphdrawing.org/xmlns
         http://graphml.graphdrawing.org/xmlns/1.0/graphml.xsd">
<!-- Created by igraph -->
  <key id="e_weight" for="edge" attr.name="weight" attr.type="double"/>
  <graph id="G" edgedefault="directed">
    <node id="n0">
    </node>
    <node id="n1">
    </node>
    <node id="n2">
    </node>
    <node id="n3">
    </node>
    <edge source="n0" target="n1">
      <data key="e_weight">1</data>
    </edge>
    <edge source="n1" target="n2">
      <data key="e_weight">4</data>
    </edge>
    <edge source="n2" target="n3">
      <data key="e_weight">5</data>
    </edge>
  </graph>
</graphml>
<?xml version="1.0" encoding="UTF-8"?>
<graphml xmlns="http://graphml.graphdrawing.org/xmlns"
         xmlns:xsi="http://www.w3.org/2001/XMLSchema-instance"
         xsi:schemaLocation="http://graphml.graphdrawing.org/xmlns
         http://graphml.graphdrawing.org/xmlns/1.0/graphml.xsd">
<!-- Created by igraph -->
  <key id="e_weight" for="edge" attr.name="weight" attr.type="double"/>
  <graph id="G" edgedefault="directed">
    <node id="n0">
    </node>
    <node id="n1">
    </node>
    <node id="n2">
    </node>
    <node id="n3">
    </node>
    <edge source="n0" target="n1">
      <data key="e_weight">3</data>
    </edge>
    <edge source="n1" target="n2">
      <data key="e_weight">4</data>
    </edge>
    <edge source="n2" target="n3">
      <data key="e_weight">5</data>
    </edge>
  </graph>
</graphml>
<?xml version="1.0" encoding="UTF-8"?>
<graphml xmlns="http://graphml.graphdrawing.org/xmlns"
         xmlns:xsi="http://www.w3.org/2001/XMLSchema-instance"
         xsi:schemaLocation="http://graphml.graphdrawing.org/xmlns
         http://graphml.graphdrawing.org/xmlns/1.0/graphml.xsd">
<!-- Created by igraph -->
  <key id="e_weight" for="edge" attr.name="weight" attr.type="double"/>
  <graph id="G" edgedefault="directed">
    <node id="n0">
    </node>
    <node id="n1">
    </node>
    <node id="n2">
    </node>
    <node id="n3">
    </node>
    <edge source="n0" target="n1">
      <data key="e_weight">2</data>
    </edge>
    <edge source="n1" target="n2">
      <data key="e_weight">4</data>
    </edge>
    <edge source="n2" target="n3">
      <data key="e_weight">5</data>
    </edge>
  </graph>
</graphml>
<?xml version="1.0" encoding="UTF-8"?>
<graphml xmlns="http://graphml.graphdrawing.org/xmlns"
         xmlns:xsi="http://www.w3.org/2001/XMLSchema-instance"
         xsi:schemaLocation="http://graphml.graphdrawing.org/xmlns
         http://graphml.graphdrawing.org/xmlns/1.0/graphml.xsd">
<!-- Created by igraph -->
  <key id="e_weight" for="edge" attr.name="weight" attr.type="double"/>
  <graph id="G" edgedefault="directed">
    <node id="n0">
    </node>
    <node id="n1">
    </node>
    <node id="n2">
    </node>
    <node id="n3">
    </node>
    <edge source="n0" target="n1">
      <data key="e_weight">0</data>
    </edge>
    <edge source="n1" target="n2">
      <data key="e_weight">0</data>
    </edge>
    <edge source="n2" target="n3">
      <data key="e_weight">0</data>
    </edge>
  </graph>
</graphml>
<?xml version="1.0" encoding="UTF-8"?>
<graphml xmlns="http://graphml.graphdrawing.org/xmlns"
         xmlns:xsi="http://www.w3.org/2001/XMLSchema-instance"
         xsi:schemaLocation="http://graphml.graphdrawing.org/xmlns
         http://graphml.graphdrawing.org/xmlns/1.0/graphml.xsd">
<!-- Created by igraph -->
  <key id="e_weight" for="edge" attr.name="weight" attr.type="double"/>
  <graph id="G" edgedefault="directed">
    <node id="n0">
    </node>
    <node id="n1">
    </node>
    <node id="n2">
    </node>
    <node id="n3">
    </node>
    <edge source="n0" target="n1">
      <data key="e_weight">2</data>
    </edge>
    <edge source="n1" target="n2">
      <data key="e_weight">4</data>
    </edge>
    <edge source="n2" target="n3">
      <data key="e_weight">5</data>
    </edge>
  </graph>
</graphml>
