undirected
0 1
0 2
0 3
0 4
0 5
0 6
0 7
0 8
0 10
0 11
0 12
0 13
0 17
0 19
0 21
0 31
1 2
1 3
1 7
1 13
1 17
1 19
1 21
1 30
2 3
2 7
2 8
2 9
2 13
2 27
2 28
2 32
3 7
3 12
3 13
4 6
4 10
5 6
5 10
5 16
6 16
8 30
8 32
8 33
9 33
13 33
14 32
14 33
15 32
15 33
18 32
18 33
19 33
20 32
20 33
22 32
22 33
23 25
23 27
23 29
23 32
23 33
24 25
24 27
24 31
25 31
26 29
26 33
27 33
28 31
28 33
29 32
29 33
30 32
30 33
31 32
31 33
32 33
-----------------
Creator "igraph version @VERSION@ test suite"
Version 1
graph
[
  directed 0
  node
  [
    id 0
  ]
  node
  [
    id 1
  ]
  node
  [
    id 2
  ]
  node
  [
    id 3
  ]
  node
  [
    id 4
  ]
  node
  [
    id 5
  ]
  node
  [
    id 6
  ]
  node
  [
    id 7
  ]
  node
  [
    id 8
  ]
  node
  [
    id 9
  ]
  node
  [
    id 10
  ]
  node
  [
    id 11
  ]
  node
  [
    id 12
  ]
  node
  [
    id 13
  ]
  node
  [
    id 14
  ]
  node
  [
    id 15
  ]
  node
  [
    id 16
  ]
  node
  [
    id 17
  ]
  node
  [
    id 18
  ]
  node
  [
    id 19
  ]
  node
  [
    id 20
  ]
  node
  [
    id 21
  ]
  node
  [
    id 22
  ]
  node
  [
    id 23
  ]
  node
  [
    id 24
  ]
  node
  [
    id 25
  ]
  node
  [
    id 26
  ]
  node
  [
    id 27
  ]
  node
  [
    id 28
  ]
  node
  [
    id 29
  ]
  node
  [
    id 30
  ]
  node
  [
    id 31
  ]
  node
  [
    id 32
  ]
  node
  [
    id 33
  ]
  edge
  [
    source 1
    target 0
  ]
  edge
  [
    source 2
    target 0
  ]
  edge
  [
    source 2
    target 1
  ]
  edge
  [
    source 3
    target 0
  ]
  edge
  [
    source 3
    target 1
  ]
  edge
  [
    source 3
    target 2
  ]
  edge
  [
    source 4
    target 0
  ]
  edge
  [
    source 5
    target 0
  ]
  edge
  [
    source 6
    target 0
  ]
  edge
  [
    source 6
    target 4
  ]
  edge
  [
    source 6
    target 5
  ]
  edge
  [
    source 7
    target 0
  ]
  edge
  [
    source 7
    target 1
  ]
  edge
  [
    source 7
    target 2
  ]
  edge
  [
    source 7
    target 3
  ]
  edge
  [
    source 8
    target 0
  ]
  edge
  [
    source 8
    target 2
  ]
  edge
  [
    source 9
    target 2
  ]
  edge
  [
    source 10
    target 0
  ]
  edge
  [
    source 10
    target 4
  ]
  edge
  [
    source 10
    target 5
  ]
  edge
  [
    source 11
    target 0
  ]
  edge
  [
    source 12
    target 0
  ]
  edge
  [
    source 12
    target 3
  ]
  edge
  [
    source 13
    target 0
  ]
  edge
  [
    source 13
    target 1
  ]
  edge
  [
    source 13
    target 2
  ]
  edge
  [
    source 13
    target 3
  ]
  edge
  [
    source 16
    target 5
  ]
  edge
  [
    source 16
    target 6
  ]
  edge
  [
    source 17
    target 0
  ]
  edge
  [
    source 17
    target 1
  ]
  edge
  [
    source 19
    target 0
  ]
  edge
  [
    source 19
    target 1
  ]
  edge
  [
    source 21
    target 0
  ]
  edge
  [
    source 21
    target 1
  ]
  edge
  [
    source 25
    target 23
  ]
  edge
  [
    source 25
    target 24
  ]
  edge
  [
    source 27
    target 2
  ]
  edge
  [
    source 27
    target 23
  ]
  edge
  [
    source 27
    target 24
  ]
  edge
  [
    source 28
    target 2
  ]
  edge
  [
    source 29
    target 23
  ]
  edge
  [
    source 29
    target 26
  ]
  edge
  [
    source 30
    target 1
  ]
  edge
  [
    source 30
    target 8
  ]
  edge
  [
    source 31
    target 0
  ]
  edge
  [
    source 31
    target 24
  ]
  edge
  [
    source 31
    target 25
  ]
  edge
  [
    source 31
    target 28
  ]
  edge
  [
    source 32
    target 2
  ]
  edge
  [
    source 32
    target 8
  ]
  edge
  [
    source 32
    target 14
  ]
  edge
  [
    source 32
    target 15
  ]
  edge
  [
    source 32
    target 18
  ]
  edge
  [
    source 32
    target 20
  ]
  edge
  [
    source 32
    target 22
  ]
  edge
  [
    source 32
    target 23
  ]
  edge
  [
    source 32
    target 29
  ]
  edge
  [
    source 32
    target 30
  ]
  edge
  [
    source 32
    target 31
  ]
  edge
  [
    source 33
    target 8
  ]
  edge
  [
    source 33
    target 9
  ]
  edge
  [
    source 33
    target 13
  ]
  edge
  [
    source 33
    target 14
  ]
  edge
  [
    source 33
    target 15
  ]
  edge
  [
    source 33
    target 18
  ]
  edge
  [
    source 33
    target 19
  ]
  edge
  [
    source 33
    target 20
  ]
  edge
  [
    source 33
    target 22
  ]
  edge
  [
    source 33
    target 23
  ]
  edge
  [
    source 33
    target 26
  ]
  edge
  [
    source 33
    target 27
  ]
  edge
  [
    source 33
    target 28
  ]
  edge
  [
    source 33
    target 29
  ]
  edge
  [
    source 33
    target 30
  ]
  edge
  [
    source 33
    target 31
  ]
  edge
  [
    source 33
    target 32
  ]
]
