Doing fullmatrix1.dl
0 1
0 2
0 3
0 4
1 0
1 2
2 0
2 1
2 4
3 0
4 0
4 2
Doing fullmatrix2.dl
0 1
0 2
0 3
1 0
1 4
2 0
2 3
3 0
3 2
3 4
4 1
4 3
Doing fullmatrix3.dl
0 1
0 2
0 3
1 0
1 4
2 0
2 3
3 0
3 2
3 4
4 1
4 3
Doing fullmatrix4.dl
0 1
0 2
0 3
1 0
1 4
2 0
2 3
3 0
3 2
3 4
4 1
4 3
Doing edgelist1.dl
0 1
0 2
1 2
2 0
3 2
Doing edgelist2.dl
0 1
0 2
1 2
3 0
4 2
Doing edgelist3.dl
0 1
0 2
1 2
3 0
4 2
Doing edgelist4.dl
0 1
0 2
1 2
2 0
3 2
Doing edgelist5.dl
0 1
0 2
1 2
3 0
4 2
Doing edgelist6.dl
0 1
0 2
1 2
3 0
4 2
Doing edgelist7.dl
0 1
1 2
1 3
Doing nodelist1.dl
0 1
0 2
1 2
2 0
3 2
Doing nodelist2.dl
0 1
0 2
1 2
3 0
4 2
