----------------------
0 0 0 1 0 0 0 0 0 0
0.333333 0 0 0 0.111111 0.111111 0.111111 0.111111 0.111111 0.111111
0 0.5 0.5 0 0 0 0 0 0 0
---
0 0 0 1 0 0 0 0 0 0
1 0 0 0 1 1 1 1 1 1
0 1 1 0 0 0 0 0 0 0
---
----------------------
0 0 0 0.142857 0.142857 0.142857 0.142857 0.142857 0.142857 0.142857
0.272727 0.363636 0.363636 0 0 0 0 0 0 0
---
0 0 0 1 1 1 1 1 1 1
1 1 1 0 0 0 0 0 0 0
---
----------------------
0 0 0 0.142857 0.142857 0.142857 0.142857 0.142857 0.142857 0.142857
0.272727 0.363636 0.363636 0 0 0 0 0 0 0
---
0 0 0 1 1 1 1 1 1 1
1 1 1 0 0 0 0 0 0 0
---
----------------------
0 0 0 0.142857 0.142857 0.142857 0.142857 0.142857 0.142857 0.142857
1 0 0 0 0 0 0 0 0 0
0 0.5 0.5 0 0 0 0 0 0 0
---
0 0 0 1 1 1 1 1 1 1
1 0 0 0 0 0 0 0 0 0
0 1 1 0 0 0 0 0 0 0
---
