22.0483 0
-21.3281 0
-3.00735 -19.2957
-3.00735 19.2957
---
-0.373224 0.226696 0.0473383 -0.204213
0.289145 -0.296079 0.156365 0.0479785
-0.539167 -0.046114 0.189081 0.152399
-0.155332 0.358022 -0.364566 0.0248164
-0.217492 -0.618375 -0.30221 -0.084056
0.395358 0.276259 -0.0368916 -0.429673
-0.323702 0.196714 0.132731 -0.336104
-0.177548 0.177994 0.382879 -0.0409697
0.348174 0.0512606 -0.305212 0.141094
0.0335622 0.446014 0.239725 0.0551197
---
22.0483 0
-21.3281 0
-3.00735 -19.2957
---
0.373224 0.226696 0.204213 0.0473383
-0.289145 -0.296079 -0.0479785 0.156365
0.539167 -0.046114 -0.152399 0.189081
0.155332 0.358022 -0.0248164 -0.364566
0.217492 -0.618375 0.084056 -0.30221
-0.395358 0.276259 0.429673 -0.0368916
0.323702 0.196714 0.336104 0.132731
0.177548 0.177994 0.0409697 0.382879
-0.348174 0.0512606 -0.141094 -0.305212
-0.0335622 0.446014 -0.0551197 0.239725
---
-21.3281 0
-12.4527 0
-3.00735 -19.2957
---
-0.226696 0.695866 -0.204213 -0.0473383
0.296079 0.120213 0.0479785 -0.156365
0.046114 0.0628274 0.152399 -0.189081
-0.358022 -0.0817567 0.0248164 0.364566
0.618375 -0.354011 -0.084056 0.30221
-0.276259 0.33649 -0.429673 0.0368916
-0.196714 0.284155 -0.336104 -0.132731
-0.177994 0.0164834 -0.0409697 -0.382879
-0.0512606 0.175732 0.141094 0.305212
-0.446014 0.374487 0.0551197 -0.239725
---
-3.00735 19.2957
-3.00735 -19.2957
12.1099 6.27293
---
0.0768616 -0.195028 -0.152389 0.21912
0.147607 0.0704569 0.346547 0.125122
0.164607 0.178554 -0.153007 -0.188931
-0.364251 -0.0290787 0.0368355 0.21496
-0.286559 -0.127595 -0.277981 0.264759
0.0267116 -0.430426 0.246402 0.129704
0.180726 -0.312925 -0.262001 -0.40777
0.384741 0.0157948 -0.296988 0.134903
-0.322646 0.0946649 -0.148076 0.121394
0.229009 0.089782 -0.271714 0.0980886
---
