----------------------
1 0 0 0 0 0 0 0 0 0
0 0.5 0.5 0 0 0 0 0 0 0
0 0 0 0.142857 0.142857 0.142857 0.142857 0.142857 0.142857 0.142857
---
1 0 0 0 0 0 0 0 0 0
0 1 1 0 0 0 0 0 0 0
0 0 0 1 1 1 1 1 1 1
---
----------------------
0.125 0 0 0.125 0.125 0.125 0.125 0.125 0.125 0.125
0 0.5 0.5 0 0 0 0 0 0 0
---
1 0 0 1 1 1 1 1 1 1
0 1 1 0 0 0 0 0 0 0
---
----------------------
0.142857 0 0 0 0.142857 0.142857 0.142857 0.142857 0.142857 0.142857
0 0.333333 0.333333 0.333333 0 0 0 0 0 0
---
1 0 0 0 1 1 1 1 1 1
0 1 1 1 0 0 0 0 0 0
---
----------------------
1 0 0 0 0 0 0 0 0 0
0 0.5 0.5 0 0 0 0 0 0 0
0 0 0 1 0 0 0 0 0 0
0 0 0 0 0.166667 0.166667 0.166667 0.166667 0.166667 0.166667
---
1 0 0 0 0 0 0 0 0 0
0 1 1 0 0 0 0 0 0 0
0 0 0 1 0 0 0 0 0 0
0 0 0 0 1 1 1 1 1 1
---
