  0.5877  -0.0000  -0.7948  -0.0000
  0.5689  -0.7015   0.4032   0.0000
  0.5689   0.7015   0.4032   0.0000
  0.0330   0.0000  -0.1302   0.0000
  0.0320  -0.0511   0.0660   0.0255
  0.0320  -0.0511   0.0660   0.5170
  0.0320  -0.0511   0.0660  -0.5425
  0.0320   0.0511   0.0660   0.2150
  0.0320   0.0511   0.0660  -0.5367
  0.0320   0.0511   0.0660   0.3217
--
  0.2914  -0.0000  -0.6560  -0.0000
  0.5705   0.5262   0.0063  -0.0000
  0.5705  -0.5262   0.0063   0.0000
  0.1997  -0.0000  -0.4732   0.0000
  0.1934   0.2727   0.2400  -0.6770
  0.1934   0.2727   0.2400   0.0538
  0.1934   0.2727   0.2400   0.6231
  0.1934  -0.2727   0.2400   0.3167
  0.1934  -0.2727   0.2400  -0.1582
  0.1934  -0.2727   0.2400  -0.1586
