# Two triangles connected by one edge
Codelength: 2.51787 (in 2 modules)
Membership: 1 1 1 0 0 0 
# Two 4-cliques (0123 and 4567) connected by two edges (0-4 and 1-5)
Codelength: 2.94884 (in 2 modules)
Membership: 1 1 1 1 0 0 0 0 
# Two 4-cliques (0123 and 4567) connected by two edges (0-4 and 1-5)
Codelength: 2.96655 (in 2 modules)
Membership: 1 0 1 1 1 0 0 0 
# Zachary Karate club
Codelength: 4.60606 (in 3 modules)
Membership: 1 1 1 1 2 2 2 1 0 1 2 1 1 1 0 0 2 1 0 1 0 1 0 0 0 0 0 0 0 0 0 0 0 0 
# Flow (from infomap_dir.tgz)
Codelength: 3.32773 (in 4 modules)
Membership: 3 3 3 3 0 0 0 0 1 1 1 1 2 2 2 2 
# MultiphysChemBioEco40W_weighted_dir.net (from infomap_dir.tgz)
Codelength: 3.87095 (in 5 modules)
Membership: 0 0 0 0 0 0 0 0 0 0 3 3 3 0 3 3 0 3 3 3 1 1 1 1 1 1 1 1 1 1 2 2 2 2 2 2 2 4 2 2 
# Wiktionary english verbs (synonymy 2008)
|V|=7339 |E|=8293 directed=0
Codelength: 5.70863 (in 1444 modules)
Membership (1/100 of vertices): 392 200 6 14 2 126 106 3 32 95 98 136 86 67 61 159 142 396 607 54 272 194 213 157 794 616 170 866 36 13 205 98 25 280 460 302 87 911 243 804 835 399 807 953 1333 101 73 75 666 0 568 798 175 219 133 49 1080 179 525 199 197 517 109 1194 1218 827 733 214 38 881 522 1356 143 14 
