999 534 13 56 75 273 498 691 812 864
999 534 1
987 13 150 418 594 810 985 691 82 392
987 13 150 418 594 810 985 380 480 749
987 13 150 418 594 810 985 380 392
987 9 749
954 129 205 228 247 377 831 380 392 940
954 129 205 228 247 377 241 940 380
954 129 205 228 247 377 241 251 274 606
919 0 1 3 4 5 7 270 534 606
840 338 610
835 107 609
691 193 594
691 137 273
606 0 1 3 4 5 7 270 279 534
380 749 940
307 949 9 164 416 613 725 749 822 940
307 940 831
307 450 295
307 450 22 476 498 520 671 772 831 852
8 0 1 2 3 4 5 6 7 9
0 1 2
