 1.00 0.75 0.75 0.50
 0.75 1.00 1.00 0.25
 0.75 1.00 1.00 0.25
 0.50 0.25 0.25 1.00
==========
 1.00 0.33
 0.33 1.00
==========
 1.00 0.50 0.67 0.33
 0.50 1.00 0.33 0.00
 0.67 0.33 1.00 0.25
 0.33 0.00 0.25 1.00
==========
 1.00 0.33 0.00 0.00
 0.33 1.00 0.00 0.00
 0.00 0.00 1.00 0.00
 0.00 0.00 0.00 1.00
==========
 1.00 0.86 0.86 0.67
 0.86 1.00 1.00 0.40
 0.86 1.00 1.00 0.40
 0.67 0.40 0.40 1.00
==========
 1.00 0.67 0.80 0.50
 0.67 1.00 0.50 0.00
 0.80 0.50 1.00 0.40
 0.50 0.00 0.40 1.00
==========
 1.00 0.50 0.00 0.00
 0.50 1.00 0.00 0.00
 0.00 0.00 1.00 0.00
 0.00 0.00 0.00 1.00
==========
 0.00 1.44 1.44 0.00
 1.44 0.00 0.91 0.91
 1.44 0.91 0.00 0.91
 0.00 0.91 0.91 0.00
==========
 0.00 0.00 1.44 0.00
 0.00 0.00 0.00 0.00
 1.44 0.00 0.00 1.44
 0.00 0.00 1.44 0.00
==========
 0.00 1.44 0.00 0.00
 1.44 0.00 0.00 0.00
 0.00 0.00 0.00 0.00
 0.00 0.00 0.00 0.00
==========
