0 6 17 19 25 30 33 35 40 73 74 79 90 92 97
0 6 17 19 25 30 33 35 47 73 74 79 90 92 97
0 11 12 17 19 30 33 35 47 53 62 79 91 92 97
0 17 19 25 30 33 35 47 73 74 79 90 91 92 97
1 3 6 17 25 28 37 40 49 50 69 74 85 86 97
1 3 6 17 25 28 37 40 49 50 73 74 85 86 97
1 3 6 17 25 28 37 40 50 54 69 74 85 86 97
1 3 6 17 25 28 37 40 50 54 73 74 85 86 97
1 3 6 17 25 37 40 49 50 69 74 85 86 90 97
1 3 6 17 25 37 40 49 50 73 74 85 86 90 97
1 3 6 17 25 37 40 50 69 74 85 86 90 95 97
1 3 6 17 25 37 40 50 73 74 85 86 90 95 97
1 3 17 25 28 37 40 49 50 69 74 85 86 97 98
1 3 17 25 28 37 40 49 50 73 74 85 86 97 98
1 3 17 25 28 37 40 50 54 69 74 85 86 97 98
1 3 17 25 28 37 40 50 54 73 74 85 86 97 98
1 6 17 25 28 37 40 49 50 61 69 74 85 86 97
1 6 17 25 28 37 40 49 50 61 73 74 85 86 97
1 6 17 25 28 37 40 50 54 61 69 74 85 86 97
1 6 17 25 28 37 40 50 54 61 73 74 85 86 97
1 6 17 25 37 40 49 50 61 69 74 85 86 90 97
1 6 17 25 37 40 49 50 61 73 74 85 86 90 97
1 6 17 25 37 40 50 61 69 74 85 86 90 95 97
1 6 17 25 37 40 50 61 73 74 85 86 90 95 97
1 9 16 25 28 54 57 58 67 78 85 86 87 97 99
1 9 16 25 28 54 57 58 67 85 86 87 97 98 99
1 9 25 28 54 57 58 67 69 85 86 87 97 98 99
8 15 28 39 43 48 55 56 59 61 62 63 76 78 84
