2; 2 3 4 8
0; 0
0; 
1; 1
1; 
1; 
0
0 1
0
0 1
0 1 3
0 1 2
0 1 2 3
Partitions and cuts:
P: 0
C: 0
P: 0 1
C: 1 2 5
P: 0 1 5
C: 1 2 6
P: 0 1 3
C: 1 4 5
P: 0 1 3 5
C: 1 4 6
P: 0 1 2
C: 2 3 5
P: 0 1 2 5
C: 2 3 6
P: 0 1 2 3
C: 3 4 5
P: 0 1 2 3 5
C: 3 4 6
Partitions and cuts:
P: 1
C: 1
Partitions and cuts:
P: 0
C: 0
P: 0 1
C: 1
P: 0 1 2
C: 2
P: 0 1 2 3
C: 3
Partitions and cuts:
P: 0
C: 0 1
P: 0 2
C: 0 3
P: 0 1
C: 1 2 4 5 6
P: 0 1 6
C: 1 2 4 5 9
P: 0 1 5
C: 1 2 4 6 8
P: 0 1 5 6
C: 1 2 4 8 9
P: 0 1 4
C: 1 2 5 6 7
P: 0 1 4 6
C: 1 2 5 7 9
P: 0 1 4 5
C: 1 2 6 7 8
P: 0 1 4 5 6
C: 1 2 7 8 9
P: 0 1 4 5 6 2
C: 2 3
Cuts only (no partitions):
C: 0 1
C: 0 3
C: 1 2 4 5 6
C: 1 2 4 5 9
C: 1 2 4 6 8
C: 1 2 4 8 9
C: 1 2 5 6 7
C: 1 2 5 7 9
C: 1 2 6 7 8
C: 1 2 7 8 9
C: 2 3
Partitions and cuts:
P: 0
C: 0
P: 0 1
C: 1
Partitions and cuts:
P: 0
C: 0
P: 0 1
C: 1
Partitions and cuts:
P: 1
C: 1
P: 1 2
C: 2
