continuous = true
alpha = 2.81976
xmin = 1.00979
L = -946.14703
D = 0.01454
p = 0.98534
====================
continuous = true
alpha = 2.81157
xmin = 2.00000
L = -463.92064
D = 0.05091
p = 0.46011
====================
continuous = false
alpha = 3.11405
xmin = 1.00000
L = -622.60933
D = 0.00941
p = 0.99999
====================
continuous = false
alpha = 3.27157
xmin = 2.00000
L = -185.83215
D = 0.04504
p = 0.90572
====================
continuous = true
alpha = 3.77550
xmin = 11.00000
L = -13.68681
D = 0.15260
p = 0.99982
====================
continuous = true
alpha = 5.26868
xmin = 2.00000
L = -75.22503
D = 0.70253
p = 0.00000
====================
