----------------------
1 0 0 0 0 0 0 0 0 0
0 0.707107 0.707107 0 0 0 0 0 0 0
0 0 0 0.377964 0.377964 0.377964 0.377964 0.377964 0.377964 0.377964
---
1 0 0 0 0 0 0 0 0 0
0 0.707107 0.707107 0 0 0 0 0 0 0
0 0 0 0.377964 0.377964 0.377964 0.377964 0.377964 0.377964 0.377964
---
----------------------
0.57735 0.57735 0.57735 0 0 0 0 0 0 0
0 0 0 0.377964 0.377964 0.377964 0.377964 0.377964 0.377964 0.377964
---
0.57735 0.57735 0.57735 0 0 0 0 0 0 0
0 0 0 0.377964 0.377964 0.377964 0.377964 0.377964 0.377964 0.377964
---
----------------------
0.57735 0.57735 0.57735 0 0 0 0 0 0 0
0 0 0 0.377964 0.377964 0.377964 0.377964 0.377964 0.377964 0.377964
---
0.57735 0.57735 0.57735 0 0 0 0 0 0 0
0 0 0 0.377964 0.377964 0.377964 0.377964 0.377964 0.377964 0.377964
---
----------------------
1 0 0 0 0 0 0 0 0 0
0 0.707107 0.707107 0 0 0 0 0 0 0
0 0 0 1 0 0 0 0 0 0
0 0 0 0 0.408248 0.408248 0.408248 0.408248 0.408248 0.408248
---
1 0 0 0 0 0 0 0 0 0
0 0.707107 0.707107 0 0 0 0 0 0 0
0 0 0 1 0 0 0 0 0 0
0 0 0 0 0.408248 0.408248 0.408248 0.408248 0.408248 0.408248
---
