4 8 10 2 8 8 6 6 2 5
2 1 1 5 9 4 7 2 8 7
1 1 10 8 9 10 3 1 2 10
2 7 4 7 6 1 5 1 3 6
7 4 2 1 3 10 4 3 5 1
8 7 2 4 6 10 6 5 1 9
7 7 2 5 1 1 10 10 10 6
9 4 4 1 1 3 7 3 5 7
2 7 5 9 1 2 10 4 3 2
7 8 4 5 6 3 6 6 2 1
49.9655 12.0702 6.77236 6.77236 -0.533366 -0.533366 -8.56628 -5.06056 -5.06056 -3.82636
0 0 3.96835 -3.96835 6.22277 -6.22277 0 2.90197 -2.90197 0
0.315189 -0.272164 -0.315874 0.0596265 -0.202592 -0.061574 0.234005 -0.466438 -0.0955358 -0.281652
0.344167 0.0783063 -0.0265394 0.130235 -0.242727 0.0423397 0.385731 -0.101489 -0.280858 0.22925
0.263721 0.0596178 0.188794 -0.337336 0.139364 -0.0961563 -0.00061957 0.203387 -0.0901048 0.0477884
0.290904 0.488735 0.549257 0 -0.00882467 0.286207 0.230778 -0.204726 0.164887 -0.465949
0.31131 -0.149229 0.263139 0.240246 -0.342494 -0.261608 -0.223597 0.267207 0.290115 -0.110476
0.318364 -0.634886 -0.0440019 0.347136 0.46279 0 0.0274218 -0.127201 -0.0242933 -0.00985588
0.409336 0.325369 -0.147869 -0.127845 0.121223 -0.00528696 0.0547681 0.0500697 -0.0627985 -0.408929
0.273817 -0.00218767 -0.31287 -0.150706 -0.0650796 0.0579125 0.272225 -0.108911 0.103974 0.207034
0.272404 0.380141 -0.0335682 -0.0768362 0.102931 -0.376645 -0.31341 -0.0122148 0.104307 0.378511
0.336193 -0.0406596 0.0792517 -0.0797428 -0.124939 0.439889 -0.719107 0.594183 0 0.532039
0.376489 -0.402022 0.26534 -0.111012 -0.379271 0.0340411 -0.528457 0.250712 -0.377014 -0.25836
0.280558 0.258007 -0.23204 0.201396 -0.150885 -0.0476791 0.343197 0.306367 0.178702 0.343543
0.344153 -0.543027 0.670601 0 -0.00442926 -0.287502 0.103597 0.162696 0.0510254 0.0192726
0.252112 0.147896 0.135159 0.199615 0.0666132 0.274863 -0.020908 -0.0999671 -0.229126 0.0167102
0.265478 -0.161188 -0.089525 0.0951761 -0.293564 -0.253251 0.142395 -0.245224 0.165169 -0.179214
0.372991 -0.227092 -0.160292 0.127026 0.43378 0 0.0688493 -0.0392009 -0.00510418 0.097985
0.367542 0.47851 -0.353401 -0.210546 0.2037 -0.0358919 0.0519912 0.0312196 0.328622 -0.666059
0.289639 -0.0682449 0.0216301 -0.284694 0.0757892 0.206453 0.562635 -0.559414 0 0.404568
0.280074 0.375164 -0.0387875 0.0469441 0.101847 -0.303079 -0.34693 0.0345662 -0.247173 0.395629
0.300868 -0.0559345 0.0245772 -0.0330528 -0.0753343 0.360218 -0.356569 0.0639939 -0.0192012 0.0950093
