=== Unnormalized, unweighted, undirected
2 -1 0 0 -1
-1 2 -1 0 0
0 -1 2 -1 0
0 0 -1 2 -1
-1 0 0 -1 2
===
2 -1 0 0 -1
-1 2 -1 0 0
0 -1 2 -1 0
0 0 -1 2 -1
-1 0 0 -1 2
===
2 -1 0 0 -1
-1 3 -2 0 0
0 -2 3 -1 0
0 0 -1 3 -2
-1 0 0 -2 3
=== Unnormalized, unweighted, directed
1 -1 0 0 0
0 1 -1 0 0
0 0 1 -1 0
0 0 0 1 -1
-1 0 0 0 1
===
1 -1 0 0 0
0 1 -1 0 0
0 0 1 -1 0
0 0 0 1 -1
-1 0 0 0 1
===
1 -1 0 0 0
0 2 -2 0 0
0 0 1 -1 0
0 0 0 2 -2
-1 0 0 0 1
=== Normalized, unweighted, undirected
OK
=== Normalized, unweighted, directed
OK
