Modularity:  0.452381
Membership: 1 1 1 1 1 0 0 0 0 0 
Modularity:  0.452381
Membership: 1 1 1 1 1 0 0 0 0 0 
Modularity:  0.179688
Membership: 1 1 0 0 0 0 
Modularity:  0.170858
Membership: 1 1 1 0 0 0 
Modularity:  0.380671
Membership: 0 2 2 2 0 0 0 2 1 2 0 0 2 2 1 1 0 2 1 0 1 2 1 1 1 1 1 1 1 1 1 1 1 1 
Modularity:  0.500000
Membership: 1 1 1 1 0 0 0 0 2 
Modularity:  0.540000
Membership: 1 1 1 1 3 3 3 3 1 1 0 0 0 0 0 0 2 2 2 2 
Modularity:  0.000000
Membership: 0 1 2 3 4 5 6 7 8 9 
Modularity:  0.281250
Membership: 0 1 1 2 2 0 
Modularity:  0.500000
Membership: 0 1 
Modularity:  ---
Membership: 1 1 1 1 1 0 0 0 0 0 
Modularity:  0.452381
Membership: 1 1 1 1 1 0 0 0 0 0 
Modularity:  ---
Membership: 1 1 1 1 1 0 0 0 0 0 
