0 723
1 951
1 37
3 439
3 310
4 873
4 64
6 875
7 617
8 429
8 0
9 711
10 184
10 181
11 365
11 262
11 257
12 781
12 400
13 963
13 482
13 61
15 567
15 68
16 649
17 355
17 93
18 503
18 32
19 646
19 360
19 53
20 220
20 71
21 909
21 900
22 778
22 552
25 731
25 623
27 232
28 378
28 293
29 179
30 713
30 542
31 535
32 312
33 868
33 828
33 246
34 230
35 519
35 382
36 321
37 767
38 658
38 216
39 889
39 400
40 941
40 352
41 540
41 60
42 680
44 734
44 280
45 520
46 959
46 940
46 302
47 928
49 149
50 658
50 216
50 29
52 758
53 514
53 455
54 500
55 506
55 51
56 647
57 821
57 352
58 953
58 945
59 393
59 320
60 157
62 669
62 200
64 886
65 638
65 69
66 537
66 390
67 981
69 42
70 991
70 759
70 7
71 244
72 932
72 450
72 137
73 980
74 819
75 973
75 508
76 838
76 573
76 295
78 778
79 627
79 290
80 981
81 712
82 907
83 125
83 109
83 17
85 97
86 850
86 390
86 239
87 652
87 260
87 185
88 614
88 522
88 24
89 682
90 302
92 164
95 601
95 465
96 822
96 23
97 895
98 899
98 241
98 195
99 749
99 392
99 367
101 811
102 696
103 423
104 879
104 147
104 55
105 931
105 161
105 68
106 379
106 318
107 816
107 20
108 883
108 718
108 240
109 355
110 337
110 130
111 499
111 89
112 835
112 236
112 91
113 675
113 668
113 217
114 830
114 453
114 199
115 607
116 854
117 710
117 651
118 511
118 100
119 812
119 347
120 490
121 982
121 632
121 521
122 130
122 16
124 986
124 644
124 251
126 918
126 727
126 26
127 437
128 327
128 194
129 639
129 595
131 708
131 488
132 538
132 60
133 203
133 5
134 913
134 258
134 179
135 842
135 271
136 937
136 858
136 696
137 273
138 930
139 959
139 654
139 432
140 329
141 923
141 627
144 939
144 715
145 967
145 513
147 51
147 2
148 746
148 704
150 944
151 611
151 358
152 460
154 77
155 953
155 190
156 997
156 962
156 441
157 833
158 973
158 508
159 423
159 4
162 995
162 495
163 173
164 146
165 928
165 187
165 142
166 804
166 676
167 377
167 177
168 410
168 175
170 917
171 473
172 898
173 880
174 177
175 779
175 579
176 500
176 243
178 84
178 24
180 813
180 341
180 201
181 876
182 106
183 202
185 894
185 417
187 47
188 786
188 275
188 263
189 683
189 460
190 576
190 58
191 324
191 116
192 670
192 464
192 424
193 697
193 614
194 829
195 370
196 952
196 132
197 511
197 49
198 633
198 506
200 775
200 158
201 780
201 433
202 632
202 394
203 855
203 267
204 805
204 214
205 990
206 806
206 577
207 705
208 804
209 700
210 764
211 210
212 899
212 575
212 560
213 817
214 110
215 556
215 62
216 664
217 471
219 653
219 645
219 381
221 873
221 409
221 103
222 420
222 123
223 838
224 371
225 840
225 479
226 967
226 761
226 513
228 489
228 346
228 128
229 459
229 218
230 459
230 218
231 845
231 135
232 943
233 446
233 391
234 786
234 275
235 993
235 384
236 882
236 635
237 824
237 163
238 808
238 138
240 259
241 543
241 350
242 272
242 238
243 319
243 54
244 761
244 220
245 872
245 628
246 341
247 273
248 691
248 263
249 752
250 161
251 227
252 565
253 414
253 251
253 97
254 789
254 225
255 451
255 407
256 183
257 457
259 590
260 894
260 672
261 623
262 390
263 527
264 684
265 821
266 815
266 507
267 307
267 5
268 856
268 111
269 616
270 742
270 693
270 261
271 845
272 935
272 808
274 998
274 45
276 130
276 16
277 224
278 572
279 630
279 608
281 207
282 440
283 117
283 34
285 674
286 952
287 358
287 73
288 737
289 933
290 174
291 758
292 283
293 655
293 434
294 38
296 300
297 892
297 322
298 154
299 864
299 515
300 960
301 222
303 978
303 288
303 127
304 557
304 314
305 936
306 94
306 9
307 420
307 301
309 997
310 856
311 634
312 921
313 865
314 450
315 249
315 186
316 199
317 659
318 434
318 28
319 849
319 578
321 205
322 187
322 142
323 774
323 618
324 211
325 758
325 753
325 699
326 399
327 489
328 597
328 170
329 621
330 887
331 167
331 64
332 883
332 240
333 649
333 155
333 122
334 329
335 985
335 608
335 561
336 825
337 276
338 891
338 506
338 51
339 536
339 446
340 630
340 107
342 61
342 48
343 533
343 406
343 84
344 696
345 936
346 920
348 985
348 502
350 575
351 799
351 559
352 265
353 948
353 677
354 718
356 655
356 653
357 661
359 242
359 138
360 455
362 486
362 82
363 925
363 345
363 285
364 898
364 686
364 289
366 885
366 866
366 504
368 92
369 211
370 897
370 628
371 868
372 993
372 6
373 799
373 357
374 161
374 68
375 636
375 213
376 977
377 620
378 653
379 277
380 533
380 84
380 24
382 320
382 186
383 813
383 341
384 875
384 372
385 626
386 621
386 288
386 127
387 409
387 103
388 870
388 481
389 388
389 153
391 339
393 287
393 151
394 481
395 280
396 890
396 208
397 408
398 846
398 0
399 974
399 264
401 74
402 898
403 229
404 412
404 160
405 915
405 404
406 321
407 948
407 869
411 994
411 541
411 518
412 818
413 63
414 227
414 85
415 764
415 580
415 143
416 385
416 96
417 812
417 347
418 619
418 298
418 77
419 266
420 5
421 143
422 514
424 633
426 785
426 171
427 265
427 52
427 40
430 512
431 881
431 474
432 90
434 182
435 487
435 249
436 751
436 129
437 621
437 334
438 444
439 983
439 466
440 146
440 120
441 309
441 295
442 867
442 507
442 419
443 848
444 572
444 381
445 954
445 369
445 324
447 798
447 397
448 379
448 224
448 182
449 170
450 273
452 933
452 656
452 629
453 708
453 488
454 765
454 472
454 80
455 730
456 56
457 499
457 89
458 78
458 22
459 839
461 730
461 360
462 247
462 137
463 368
463 101
464 528
465 747
466 531
466 391
467 693
467 304
468 826
468 184
468 181
469 498
469 6
470 878
470 523
471 995
471 675
472 919
472 776
473 740
474 666
474 347
475 798
475 397
476 518
476 401
477 981
477 532
478 402
478 172
480 754
481 153
482 610
482 342
483 741
483 612
483 152
484 796
484 724
484 18
485 938
485 892
486 907
486 323
487 315
490 282
491 902
491 61
492 550
492 421
493 701
493 330
494 827
495 996
496 904
496 750
497 950
497 745
500 629
501 871
501 493
502 239
503 905
503 724
504 430
504 308
505 489
505 346
507 725
508 775
509 886
509 377
509 331
510 150
510 91
511 149
512 549
512 308
514 646
515 801
515 94
516 601
516 465
517 361
517 271
518 906
519 320
521 256
522 193
523 37
524 969
524 809
524 769
525 969
526 416
526 23
527 691
527 275
528 424
529 494
529 428
529 100
530 389
531 983
531 233
532 485
532 67
533 984
534 683
534 460
534 21
536 462
537 365
537 262
538 157
539 27
540 662
540 145
541 866
542 714
543 195
544 967
544 220
545 487
545 186
545 35
546 732
546 635
547 900
547 681
547 387
548 988
548 141
549 930
549 359
550 39
551 890
551 208
552 939
552 823
553 269
554 478
554 362
555 667
555 464
556 928
557 693
558 565
560 525
560 349
561 279
562 974
562 298
563 799
563 559
564 517
565 859
566 648
567 759
568 660
568 539
569 659
569 602
569 566
570 146
570 120
571 398
571 7
572 877
573 223
574 9
575 525
576 848
578 654
579 908
579 410
580 421
581 741
582 943
582 739
583 305
584 726
584 660
584 539
585 206
586 610
587 687
587 204
588 859
588 480
588 376
589 690
589 425
589 282
590 354
591 330
591 78
592 947
593 926
593 849
593 578
594 523
594 1
595 646
595 422
597 687
597 449
598 369
598 210
599 367
599 194
600 305
600 231
601 688
602 317
603 618
604 927
604 596
605 745
605 694
605 168
606 344
606 43
607 737
607 698
608 348
609 336
610 48
611 519
611 59
612 862
612 581
613 609
613 237
613 173
614 178
615 851
615 577
616 574
616 306
617 863
619 684
619 562
620 290
620 177
622 732
622 590
624 988
624 963
624 902
625 554
625 172
625 82
626 596
627 174
628 965
629 976
630 782
631 837
631 559
632 256
633 670
634 827
635 622
637 692
638 42
639 422
640 982
640 832
640 313
641 505
641 280
642 647
642 637
642 456
643 522
644 698
644 227
645 356
648 966
648 45
649 953
650 250
650 73
651 218
651 34
652 672
652 443
655 378
656 976
656 289
657 395
657 302
659 840
660 643
661 910
662 513
663 884
663 875
663 469
664 294
664 26
665 603
665 133
666 881
666 119
667 752
667 435
668 802
668 413
669 556
669 47
670 891
671 637
671 470
673 948
673 677
673 255
674 345
674 209
675 413
676 831
676 14
678 749
678 392
679 964
679 311
681 409
682 310
682 268
685 795
685 480
685 376
686 402
687 695
688 837
689 847
689 535
690 716
690 490
691 75
692 946
692 456
694 497
694 410
695 328
697 643
697 568
699 334
699 140
700 285
700 123
701 591
702 835
702 150
702 91
703 101
704 999
704 615
705 780
705 433
706 781
706 550
706 400
707 888
707 869
707 10
708 797
709 43
709 30
710 729
710 292
711 299
711 94
712 371
712 277
713 43
714 743
715 922
715 821
716 425
716 403
717 553
718 259
719 727
719 294
719 26
720 510
720 154
721 988
721 902
722 816
722 782
722 340
723 832
723 429
724 968
725 815
725 647
726 793
726 27
727 284
728 958
728 570
728 164
729 862
729 581
730 235
731 742
731 261
732 354
733 803
733 281
733 169
734 395
735 785
735 596
735 171
736 844
736 149
736 118
737 978
738 555
738 528
739 538
739 196
740 746
740 426
742 557
743 357
744 792
744 709
744 542
745 160
747 592
748 990
748 784
748 760
749 599
750 586
751 530
751 153
752 738
753 291
753 140
754 795
754 677
755 756
755 678
755 636
756 392
756 375
757 258
757 179
759 617
760 205
760 36
761 544
762 383
762 246
763 966
763 602
763 566
765 23
766 971
766 717
766 14
769 564
769 361
770 703
770 463
770 63
771 337
771 214
772 971
772 574
772 269
773 721
773 548
774 855
774 603
775 215
776 477
776 80
777 479
777 317
778 701
779 197
780 281
781 431
782 561
783 913
783 258
783 25
784 895
784 85
785 604
787 764
787 598
787 143
788 957
788 638
788 199
789 479
789 2
790 713
790 606
791 645
791 438
791 381
792 910
792 714
793 286
793 232
794 872
794 223
795 353
796 968
797 234
798 326
800 746
800 473
801 274
802 703
802 63
803 871
803 207
804 831
805 807
805 771
807 695
807 587
808 125
809 361
809 349
810 797
810 786
810 131
811 958
811 368
813 433
814 741
814 189
814 152
815 56
816 71
817 906
817 74
818 405
818 93
819 636
819 213
820 975
820 296
822 927
822 385
823 922
823 144
824 975
824 296
825 768
826 102
827 934
828 762
828 81
829 367
829 327
830 488
830 316
831 396
832 865
833 662
833 41
834 757
834 658
834 29
835 882
836 806
836 585
836 31
837 95
839 425
839 403
840 777
841 521
841 313
842 600
842 583
843 634
843 494
843 428
844 428
844 100
845 564
846 8
847 857
847 332
848 672
849 54
850 502
850 66
851 800
851 148
852 947
852 747
852 516
853 768
853 336
854 954
854 284
855 665
856 942
857 535
858 102
860 750
860 419
861 592
861 475
861 408
862 292
863 846
863 571
864 998
864 801
865 429
866 994
867 860
867 496
868 81
869 451
870 394
870 183
871 169
872 965
873 423
874 806
874 689
874 31
876 858
876 826
877 929
877 438
878 594
879 254
879 2
880 825
880 609
881 12
882 546
883 857
884 498
885 541
885 430
886 159
887 501
887 169
888 451
888 184
889 580
889 492
890 278
891 198
892 67
893 979
893 956
893 768
894 812
896 499
896 365
896 257
897 543
899 350
901 717
901 166
901 14
903 536
903 446
903 247
904 586
904 48
905 32
906 401
907 618
908 779
908 49
909 912
909 683
910 743
911 301
911 209
911 123
912 900
912 681
913 623
914 498
914 162
915 355
915 93
916 838
916 794
916 245
917 968
918 284
918 116
919 765
919 526
920 641
920 44
921 820
921 300
922 57
923 773
923 79
924 688
924 631
924 351
925 936
925 583
926 654
926 432
927 626
929 551
929 278
930 308
931 991
931 15
932 467
932 314
933 686
934 964
934 311
935 125
935 109
937 790
937 344
938 297
938 142
939 458
940 734
940 657
941 291
941 52
942 3
943 286
944 720
944 77
945 576
945 443
946 878
946 671
947 408
949 495
949 217
950 412
950 160
951 767
951 309
952 582
954 191
955 650
956 558
956 252
957 316
957 65
958 92
959 90
960 905
960 312
961 447
961 326
961 264
962 573
962 295
963 491
964 680
965 897
966 520
969 349
970 680
970 679
970 69
971 553
972 639
972 530
972 436
973 248
974 684
975 163
976 176
977 859
977 252
978 115
979 853
979 558
980 955
980 358
982 841
983 942
984 406
984 36
985 239
986 698
986 115
987 917
987 796
987 449
989 955
989 374
989 250
990 895
991 567
992 661
992 563
992 373
993 461
994 476
995 949
996 914
996 884
997 767
998 520
999 585
999 577
