 6 3 9 1 6
 3 1 7 9 5
 0 0 1 1 8
 9 7 8 4 0
 3 8 0 7 3
 1 6 4 5 4
 8 1 7 7 3
 3 0 4 1 0
 0 2 0 2 3
 9 1 1 7 5
 6 3 9 1 6
 3 1 7 9 5
 0 0 1 1 8
 9 7 8 4 0
 3 8 0 7 3
 1 6 4 5 4
 8 1 7 7 3
 3 0 4 1 0
 0 2 0 2 3
 9 1 1 7 5
 6 3 9 1 6
 3 1 7 9 5
 0 0 1 1 8
 9 7 8 4 0
 3 8 0 7 3
 1 6 4 5 4
 8 1 7 7 3
 3 0 4 1 0
 0 2 0 2 3
 9 1 1 7 5
--
 1 1 4 2 8
 7 3 4 2 9
 8 0 1 6 8
 4 0 9 9 2
 9 9 4 0 1
 8 9 2 9 6
 8 1 8 2 3
 6 0 7 0 2
 6 9 3 7 6
 1 1 6 0 1
 8 0 0 3 0 2 1 9
 5 1 6 3 2 4 6 6
 1 6 4 2 9 0 2 2
 8 8 4 9 4 5 0 3
 5 1 6 5 4 7 5 9
 73 49 78 72 78 72 55 101
 136 52 96 101 86 99 78 176
 153 62 76 120 65 102 50 164
 123 128 84 121 125 67 32 99
 126 34 76 67 58 61 76 152
 213 99 134 166 96 139 96 211
 108 68 64 76 94 51 45 127
 65 44 40 42 71 26 30 86
 182 89 130 144 97 125 96 189
 24 38 36 23 60 13 24 36
--
 9 2 3 2 6 9 9 8 6 3
 0 5 3 2 8 1 0 2 1 5
 8 2 8 3 4 5 9 8 3 5
 8 2 7 1 4 4 0 3 2 6
 7 3 2 1 5 0 3 6 3 5
 1 1 7 0 5 2 6 4
 1 9 9 9 2 7 0 7
 1 0 0 3 6 8 7 9
 9 2 9 2 9 2 7 0
 4 5 1 9 8 7 3 9
 117 60 142 103 221 147 187 171
 39 66 80 82 74 80 49 88
 85 54 113 83 148 119 129 123
 20 27 42 38 49 51 43 58
 74 111 155 137 146 143 107 161
 51 26 108 32 113 73 117 88
 30 24 66 54 123 111 126 144
 69 62 107 102 167 142 143 172
 40 34 72 49 92 68 80 85
 87 85 125 117 149 128 110 137
--
 7 3 8 9 0
 8 6 2 9 7
 6 5 5 3 4
 5 5 4 7 4
 7 5 5 1 0
 7 0 8 5 4
 8 2 8 6 1
 8 5 7 1 4
 5 7 0 0 0
 5 5 6 9 3
 1 6 8 6 8
 9 4 9 8 9
 4 7 1 2 3
 3 1 8 1 2
 2 6 9 2 7
 9 7 3 5 7
 7 6 3 6 3
 2 5 7 1 4
 143 219 75 97 122 153 145 94
 170 249 115 69 137 214 173 97
 126 179 82 74 121 147 117 91
 141 193 85 67 118 155 131 86
 83 136 70 67 91 118 100 75
 133 211 58 98 124 140 115 91
 128 209 69 98 119 147 131 92
 132 199 88 94 139 161 125 107
 47 73 69 22 52 94 77 45
 161 218 88 83 133 164 146 98
