Vertex 0: type=0 id="A" 
Vertex 1: type=0 id="B" 
Vertex 2: type=0 id="C" 
Vertex 3: type=0 id="D" 
Vertex 4: type=0 id="E" 
Vertex 5: type=0 id="F" 
Vertex 6: type=0 id="G" 
Vertex 7: type=0 id="H" 
Vertex 8: type=0 id="I" 
Vertex 9: type=0 id="J" 
Vertex 10: type=1 id="1" 
Vertex 11: type=1 id="2" 
Vertex 12: type=1 id="3" 
Vertex 13: type=1 id="4" 
Vertex 14: type=1 id="5" 
Edge 0 (10-0): 
Edge 1 (10-1): 
Edge 2 (11-1): 
Edge 3 (10-2): 
Edge 4 (11-2): 
Edge 5 (12-2): 
Edge 6 (10-3): 
Edge 7 (11-3): 
Edge 8 (12-3): 
Edge 9 (13-3): 
Edge 10 (10-4): 
Edge 11 (11-4): 
Edge 12 (12-4): 
Edge 13 (13-4): 
Edge 14 (14-4): 
Edge 15 (14-5): 
Edge 16 (10-6): 
Edge 17 (14-6): 
Edge 18 (10-7): 
Edge 19 (11-7): 
Edge 20 (13-7): 
Edge 21 (14-7): 
Edge 22 (10-9): 
Edge 23 (12-9): 
Edge 24 (14-9): 
---
Vertex 0: type=0 id="A" 
Vertex 1: type=0 id="B" 
Vertex 2: type=0 id="C" 
Vertex 3: type=0 id="D" 
Vertex 4: type=0 id="E" 
Vertex 5: type=0 id="F" 
Vertex 6: type=0 id="G" 
Vertex 7: type=0 id="H" 
Vertex 8: type=0 id="I" 
Vertex 9: type=0 id="J" 
Vertex 10: type=1 id="1" 
Vertex 11: type=1 id="2" 
Vertex 12: type=1 id="3" 
Vertex 13: type=1 id="4" 
Vertex 14: type=1 id="5" 
Edge 0 (10-0): 
Edge 1 (10-1): 
Edge 2 (11-1): 
Edge 3 (10-2): 
Edge 4 (11-2): 
Edge 5 (12-2): 
Edge 6 (10-3): 
Edge 7 (11-3): 
Edge 8 (12-3): 
Edge 9 (13-3): 
Edge 10 (10-4): 
Edge 11 (11-4): 
Edge 12 (12-4): 
Edge 13 (13-4): 
Edge 14 (14-4): 
Edge 15 (14-5): 
Edge 16 (10-6): 
Edge 17 (14-6): 
Edge 18 (10-7): 
Edge 19 (11-7): 
Edge 20 (13-7): 
Edge 21 (14-7): 
Edge 22 (10-9): 
Edge 23 (12-9): 
Edge 24 (14-9): 
