------------------------------------
0 1
0 2
1 3
---
0 1 1 2 3 3 3 3 3 3
---
2.33441
-0.5
-0.47651
-0.47651
-0.214186
-0.204124
-0.204124
-0.204124
-0.204124
-0.204124
-0.204124
---
col 0: locations 0 to 1
1 : 1.41421
2 : 1
col 1: locations 2 to 3
0 : 1.41421
3 : 1.73205
col 2: locations 4 to 4
0 : 1
col 3: locations 5 to 5
1 : 1.73205
---
0 0 : 1
1 1 : 0.707107
1 2 : 0.707107
2 3 : 1
3 4 : 0.408248
3 5 : 0.408248
3 6 : 0.408248
3 7 : 0.408248
3 8 : 0.408248
3 9 : 0.408248
---
0 0 : 1
1 1 : 0.707107
1 2 : 0.707107
2 3 : 1
3 4 : 0.408248
3 5 : 0.408248
3 6 : 0.408248
3 7 : 0.408248
3 8 : 0.408248
3 9 : 0.408248
---
------------------------------------
0 1
0 2
1 3
---
0 1 1 2 3 3 3 3 3 3
---
0.741964
0.5
-0.151453
-0.151453
0.673887
-0.204124
-0.204124
-0.204124
-0.204124
-0.204124
-0.204124
---
col 0: locations 0 to 1
1 : 1.41421
2 : 1
col 1: locations 2 to 3
0 : 1.41421
3 : 1.73205
col 2: locations 4 to 4
0 : 1
col 3: locations 5 to 5
1 : 1.73205
---
0 0 : 1
1 1 : 0.707107
1 2 : 0.707107
2 3 : 1
3 4 : 0.408248
3 5 : 0.408248
3 6 : 0.408248
3 7 : 0.408248
3 8 : 0.408248
3 9 : 0.408248
---
0 0 : 1
1 1 : 0.707107
1 2 : 0.707107
2 3 : 1
3 4 : 0.408248
3 5 : 0.408248
3 6 : 0.408248
3 7 : 0.408248
3 8 : 0.408248
3 9 : 0.408248
---
------------------------------------
0 1
0 2
1 3
---
0 1 1 2 3 3 3 3 3 3
---
2.33441 0.741964
-0.5 0.5
-0.47651 -0.151453
-0.47651 -0.151453
-0.214186 0.673887
-0.204124 -0.204124
-0.204124 -0.204124
-0.204124 -0.204124
-0.204124 -0.204124
-0.204124 -0.204124
-0.204124 -0.204124
---
col 0: locations 0 to 1
1 : 1.41421
2 : 1
col 1: locations 2 to 3
0 : 1.41421
3 : 1.73205
col 2: locations 4 to 4
0 : 1
col 3: locations 5 to 5
1 : 1.73205
---
0 0 : 1
1 1 : 0.707107
1 2 : 0.707107
2 3 : 1
3 4 : 0.408248
3 5 : 0.408248
3 6 : 0.408248
3 7 : 0.408248
3 8 : 0.408248
3 9 : 0.408248
---
0 0 : 1
1 1 : 0.707107
1 2 : 0.707107
2 3 : 1
3 4 : 0.408248
3 5 : 0.408248
3 6 : 0.408248
3 7 : 0.408248
3 8 : 0.408248
3 9 : 0.408248
---
------------------------------------
0 1
0 2
1 3
---
0 1 1 2 3 3 3 3 3 3
---
2.33441
-0.5
-0.47651
-0.47651
-0.214186
-0.204124
-0.204124
-0.204124
-0.204124
-0.204124
-0.204124
---
0 1 : 1.41421
0 2 : 1
1 0 : 1.41421
1 3 : 1.73205
2 0 : 1
3 1 : 1.73205
---
0 0 : 1
1 1 : 0.707107
1 2 : 0.707107
2 3 : 1
3 4 : 0.408248
3 5 : 0.408248
3 6 : 0.408248
3 7 : 0.408248
3 8 : 0.408248
3 9 : 0.408248
---
0 0 : 1
1 1 : 0.707107
1 2 : 0.707107
2 3 : 1
3 4 : 0.408248
3 5 : 0.408248
3 6 : 0.408248
3 7 : 0.408248
3 8 : 0.408248
3 9 : 0.408248
---
------------------------------------
0 1
0 2
1 3
---
0 1 1 2 3 3 3 3 3 3
---
0.741964
0.5
-0.151453
-0.151453
0.673887
-0.204124
-0.204124
-0.204124
-0.204124
-0.204124
-0.204124
---
0 1 : 1.41421
0 2 : 1
1 0 : 1.41421
1 3 : 1.73205
2 0 : 1
3 1 : 1.73205
---
0 0 : 1
1 1 : 0.707107
1 2 : 0.707107
2 3 : 1
3 4 : 0.408248
3 5 : 0.408248
3 6 : 0.408248
3 7 : 0.408248
3 8 : 0.408248
3 9 : 0.408248
---
0 0 : 1
1 1 : 0.707107
1 2 : 0.707107
2 3 : 1
3 4 : 0.408248
3 5 : 0.408248
3 6 : 0.408248
3 7 : 0.408248
3 8 : 0.408248
3 9 : 0.408248
---
------------------------------------
0 1
0 2
1 3
---
0 1 1 2 3 3 3 3 3 3
---
2.33441 0.741964
-0.5 0.5
-0.47651 -0.151453
-0.47651 -0.151453
-0.214186 0.673887
-0.204124 -0.204124
-0.204124 -0.204124
-0.204124 -0.204124
-0.204124 -0.204124
-0.204124 -0.204124
-0.204124 -0.204124
---
0 1 : 1.41421
0 2 : 1
1 0 : 1.41421
1 3 : 1.73205
2 0 : 1
3 1 : 1.73205
---
0 0 : 1
1 1 : 0.707107
1 2 : 0.707107
2 3 : 1
3 4 : 0.408248
3 5 : 0.408248
3 6 : 0.408248
3 7 : 0.408248
3 8 : 0.408248
3 9 : 0.408248
---
0 0 : 1
1 1 : 0.707107
1 2 : 0.707107
2 3 : 1
3 4 : 0.408248
3 5 : 0.408248
3 6 : 0.408248
3 7 : 0.408248
3 8 : 0.408248
3 9 : 0.408248
---
