--------------------------------
0 0 0 0 0 0 0 0 0 0
---
1+0i
-0.316228+0i
-0.316228+0i
-0.316228+0i
-0.316228+0i
-0.316228+0i
-0.316228+0i
-0.316228+0i
-0.316228+0i
-0.316228+0i
-0.316228+0i
---
0 0
---
col 0: locations 0 to 0
0 : 1
---
0 0 : 0.166667
0 1 : 0.222222
0 2 : 0.222222
0 3 : 0.0555556
0 4 : 0.0555556
0 5 : 0.0555556
0 6 : 0.0555556
0 7 : 0.0555556
0 8 : 0.0555556
0 9 : 0.0555556
---
0 0 : 1
0 1 : 1
0 2 : 1
0 3 : 1
0 4 : 1
0 5 : 1
0 6 : 1
0 7 : 1
0 8 : 1
0 9 : 1
---
--------------------------------
2 3 1 2 4 4 4 0 0 0
---
0.866025+0i
-3.14295e-16+0i
0.316228+0i
-0.316228+0i
-3.26134e-16+0i
0.365148+0i
0.365148+0i
0.365148+0i
-0.365148+0i
-0.365148+0i
-0.365148+0i
---
0 1
1 0
1 2
2 1
2 2
2 3
3 2
3 4
4 3
---
col 0: locations 0 to 0
1 : 0.75
col 1: locations 1 to 2
2 : 0.25
0 : 1
col 2: locations 3 to 5
3 : 0.25
1 : 0.25
2 : 0.5
col 3: locations 6 to 7
2 : 0.25
4 : 1
col 4: locations 8 to 8
3 : 0.75
---
2 0 : 0.75
3 1 : 1
1 2 : 1
2 3 : 0.25
4 4 : 0.333333
4 5 : 0.333333
4 6 : 0.333333
0 7 : 0.333333
0 8 : 0.333333
0 9 : 0.333333
---
2 0 : 1
3 1 : 1
1 2 : 1
2 3 : 1
4 4 : 1
4 5 : 1
4 6 : 1
0 7 : 1
0 8 : 1
0 9 : 1
---
--------------------------------
2 3 1 2 4 4 4 0 0 0
---
1+0i 0.866025+0i
-0.316228+0i -3.14295e-16+0i
-0.316228+0i 0.316228+0i
-0.316228+0i -0.316228+0i
-0.316228+0i -3.26134e-16+0i
-0.316228+0i 0.365148+0i
-0.316228+0i 0.365148+0i
-0.316228+0i 0.365148+0i
-0.316228+0i -0.365148+0i
-0.316228+0i -0.365148+0i
-0.316228+0i -0.365148+0i
---
0 1
1 0
1 2
2 1
2 2
2 3
3 2
3 4
4 3
---
col 0: locations 0 to 0
1 : 0.75
col 1: locations 1 to 2
2 : 0.25
0 : 1
col 2: locations 3 to 5
3 : 0.25
1 : 0.25
2 : 0.5
col 3: locations 6 to 7
2 : 0.25
4 : 1
col 4: locations 8 to 8
3 : 0.75
---
2 0 : 0.75
3 1 : 1
1 2 : 1
2 3 : 0.25
4 4 : 0.333333
4 5 : 0.333333
4 6 : 0.333333
0 7 : 0.333333
0 8 : 0.333333
0 9 : 0.333333
---
2 0 : 1
3 1 : 1
1 2 : 1
2 3 : 1
4 4 : 1
4 5 : 1
4 6 : 1
0 7 : 1
0 8 : 1
0 9 : 1
---
