--------------------------------
0 3 3 2 1 1 1 1 1 1
---
0 2
0 3
1 3
2 0
3 0
3 1
---
col 0: locations 0 to 2
0 : 3
3 : -1
2 : -1
col 1: locations 3 to 4
1 : 1
3 : -3
col 2: locations 5 to 6
2 : 1
0 : -1
col 3: locations 7 to 9
3 : 4
0 : -2
1 : -1
---
0 0 : 1
3 1 : 0.5
3 2 : 0.5
2 3 : 1
1 4 : 0.166667
1 5 : 0.166667
1 6 : 0.166667
1 7 : 0.166667
1 8 : 0.166667
1 9 : 0.166667
---
0 0 : 1
3 1 : 1
3 2 : 1
2 3 : 1
1 4 : 1
1 5 : 1
1 6 : 1
1 7 : 1
1 8 : 1
1 9 : 1
---
--------------------------------
3 2 2 0 1 1 1 1 1 1
---
0 3
1 2
2 1
2 3
3 0
3 2
---
col 0: locations 0 to 1
0 : 1
3 : -1
col 1: locations 2 to 3
1 : 1
2 : -3
col 2: locations 4 to 6
2 : 4
3 : -2
1 : -1
col 3: locations 7 to 9
3 : 3
2 : -1
0 : -1
---
3 0 : 1
2 1 : 0.5
2 2 : 0.5
0 3 : 1
1 4 : 0.166667
1 5 : 0.166667
1 6 : 0.166667
1 7 : 0.166667
1 8 : 0.166667
1 9 : 0.166667
---
3 0 : 1
2 1 : 1
2 2 : 1
0 3 : 1
1 4 : 1
1 5 : 1
1 6 : 1
1 7 : 1
1 8 : 1
1 9 : 1
---
--------------------------------
0 3 3 2 1 1 1 1 1 1
---
0 2
0 3
1 3
2 0
3 0
3 1
---
col 0: locations 0 to 2
0 : 3
3 : -1
2 : -1
col 1: locations 3 to 4
1 : 1
3 : -3
col 2: locations 5 to 6
2 : 1
0 : -1
col 3: locations 7 to 9
3 : 4
0 : -2
1 : -1
---
0 0 : 1
3 1 : 0.5
3 2 : 0.5
2 3 : 1
1 4 : 0.166667
1 5 : 0.166667
1 6 : 0.166667
1 7 : 0.166667
1 8 : 0.166667
1 9 : 0.166667
---
0 0 : 1
3 1 : 1
3 2 : 1
2 3 : 1
1 4 : 1
1 5 : 1
1 6 : 1
1 7 : 1
1 8 : 1
1 9 : 1
---
