1 2 3 4 5
1 2 3 4 5
0 6 7 8 9
6 7 8 9
At 0:




At 1:
4
4


At 2:
1 4
1 4
0

At 3:
1 4
1 4
0 6
6
At 4:
1 4 5
1 4 5
0 6
6
At 5:
1 2 4 5
1 2 4 5
0 6
6
At 6:
1 2 4 5
1 2 4 5
0 6 7
6 7
At 7:
1 2 4 5
1 2 4 5
0 6 7 9
6 7 9
At 8:
1 2 4 5
1 2 4 5
0 6 7 8 9
6 7 8 9
At 9:
1 2 3 4 5
1 2 3 4 5
0 6 7 8 9
6 7 8 9
---
1 2 3 4 5
1 2 3 4 5
0 6 7 8 9
6 7 8 9
At 0:




At 1:
4
4


At 2:
1 4
1 4
0

At 3:
1 4
1 4
0 6
6
At 4:
1 4 5
1 4 5
0 6
6
At 5:
1 2 4 5
1 2 4 5
0 6
6
At 6:
1 2 4 5
1 2 4 5
0 6 7
6 7
At 7:
1 2 4 5
1 2 4 5
0 6 7 9
6 7 9
At 8:
1 2 4 5
1 2 4 5
0 6 7 8 9
6 7 8 9
At 9:
1 2 3 4 5
1 2 3 4 5
0 6 7 8 9
6 7 8 9
