ALL, LOOPS:
  0: 0 0 0 0 0 0 0 0 0 0
  1: 1 0 0 0 1 0 0 0 0 0
  2: 2 1 0 0 1 0 0 0 0 0
  3: 2 2 0 0 1 0 1 0 0 0
  4: 3 2 0 0 1 1 1 0 0 0
  5: 4 2 1 0 1 1 1 0 0 0
  6: 4 3 1 0 1 1 1 1 0 0
  7: 4 4 1 0 1 1 1 1 0 1
  8: 4 5 1 0 1 1 1 1 1 1
  9: 5 5 1 1 1 1 1 1 1 1
ALL, NO_LOOPS:
  0: 0 0 0 0 0 0 0 0 0 0
  1: 1 0 0 0 1 0 0 0 0 0
  2: 2 1 0 0 1 0 0 0 0 0
  3: 2 2 0 0 1 0 1 0 0 0
  4: 3 2 0 0 1 1 1 0 0 0
  5: 4 2 1 0 1 1 1 0 0 0
  6: 4 3 1 0 1 1 1 1 0 0
  7: 4 4 1 0 1 1 1 1 0 1
  8: 4 5 1 0 1 1 1 1 1 1
  9: 5 5 1 1 1 1 1 1 1 1
OUT, LOOPS:
  0: 0 0 0 0 0 0 0 0 0 0
  1: 1 0 0 0 0 0 0 0 0 0
  2: 2 0 0 0 0 0 0 0 0 0
  3: 2 1 0 0 0 0 0 0 0 0
  4: 3 1 0 0 0 0 0 0 0 0
  5: 4 1 0 0 0 0 0 0 0 0
  6: 4 2 0 0 0 0 0 0 0 0
  7: 4 3 0 0 0 0 0 0 0 0
  8: 4 4 0 0 0 0 0 0 0 0
  9: 5 4 0 0 0 0 0 0 0 0
OUT, NO_LOOPS:
  0: 0 0 0 0 0 0 0 0 0 0
  1: 1 0 0 0 0 0 0 0 0 0
  2: 2 0 0 0 0 0 0 0 0 0
  3: 2 1 0 0 0 0 0 0 0 0
  4: 3 1 0 0 0 0 0 0 0 0
  5: 4 1 0 0 0 0 0 0 0 0
  6: 4 2 0 0 0 0 0 0 0 0
  7: 4 3 0 0 0 0 0 0 0 0
  8: 4 4 0 0 0 0 0 0 0 0
  9: 5 4 0 0 0 0 0 0 0 0
IN, LOOPS:
  0: 0 0 0 0 0 0 0 0 0 0
  1: 0 0 0 0 1 0 0 0 0 0
  2: 0 1 0 0 1 0 0 0 0 0
  3: 0 1 0 0 1 0 1 0 0 0
  4: 0 1 0 0 1 1 1 0 0 0
  5: 0 1 1 0 1 1 1 0 0 0
  6: 0 1 1 0 1 1 1 1 0 0
  7: 0 1 1 0 1 1 1 1 0 1
  8: 0 1 1 0 1 1 1 1 1 1
  9: 0 1 1 1 1 1 1 1 1 1
IN, NO_LOOPS:
  0: 0 0 0 0 0 0 0 0 0 0
  1: 0 0 0 0 1 0 0 0 0 0
  2: 0 1 0 0 1 0 0 0 0 0
  3: 0 1 0 0 1 0 1 0 0 0
  4: 0 1 0 0 1 1 1 0 0 0
  5: 0 1 1 0 1 1 1 0 0 0
  6: 0 1 1 0 1 1 1 1 0 0
  7: 0 1 1 0 1 1 1 1 0 1
  8: 0 1 1 0 1 1 1 1 1 1
  9: 0 1 1 1 1 1 1 1 1 1
