0 1 3 4 8
0 1 3 4 8
2 5 6 7 1
2 5 6 7
At 0:




At 1:
0
0


At 2:
0 1
0 1
1

At 3:
0 1
0 1
2 1
2
At 4:
0 1 3
0 1 3
2 1
2
At 5:
0 1 3 4
0 1 3 4
2 1
2
At 6:
0 1 3 4
0 1 3 4
2 5 1
2 5
At 7:
0 1 3 4
0 1 3 4
2 5 6 1
2 5 6
At 8:
0 1 3 4
0 1 3 4
2 5 6 7 1
2 5 6 7
At 9:
0 1 3 4 8
0 1 3 4 8
2 5 6 7 1
2 5 6 7
---
0 1 3 4 8
0 1 3 4 8
1 2 5 6 7
2 5 6 7
At 0:




At 1:
0
0


At 2:
0 1
0 1
1

At 3:
0 1
0 1
1 2
2
At 4:
0 1 3
0 1 3
1 2
2
At 5:
0 1 3 4
0 1 3 4
1 2
2
At 6:
0 1 3 4
0 1 3 4
1 2 5
2 5
At 7:
0 1 3 4
0 1 3 4
1 2 5 6
2 5 6
At 8:
0 1 3 4
0 1 3 4
1 2 5 6 7
2 5 6 7
At 9:
0 1 3 4 8
0 1 3 4 8
1 2 5 6 7
2 5 6 7
